<?xml version="1.0" encoding="UTF-8" ?>
<testsuites name="vitest tests" tests="1" failures="0" errors="0" time="1.291">
    <testsuite name="test/handlers/handleSendMiniRiffList.test.ts" timestamp="2024-12-15T11:33:35.280Z" hostname="strawberry" tests="1" failures="0" errors="0" skipped="0" time="0.006525525">
        <testcase classname="test/handlers/handleSendMiniRiffList.test.ts" name="handleSendMiniRiffList &gt; should return a buffer" time="0.004590262">
        </testcase>
    </testsuite>
</testsuites>
