<?xml version="1.0" encoding="UTF-8" ?>
<testsuites name="vitest tests" tests="19" failures="0" errors="0" time="1.963">
    <testsuite name="test/LobbyMessage.test.ts" timestamp="2024-12-15T11:33:40.722Z" hostname="strawberry" tests="7" failures="0" errors="0" skipped="0" time="0.009933521">
        <testcase classname="test/LobbyMessage.test.ts" name="LobbyMessage &gt; .size() &gt; should have a starting value of 5" time="0.001692713">
        </testcase>
        <testcase classname="test/LobbyMessage.test.ts" name="LobbyMessage &gt; .serialize() &gt; should return a buffer of the correct size" time="0.000695897">
        </testcase>
        <testcase classname="test/LobbyMessage.test.ts" name="LobbyInfo &gt; .size() &gt; should have a starting value of 563" time="0.001217665">
        </testcase>
        <testcase classname="test/LobbyMessage.test.ts" name="LobbyInfo &gt; .serialize() &gt; should return a buffer of the correct size" time="0.000762037">
        </testcase>
        <testcase classname="test/LobbyMessage.test.ts" name="LobbyInfo &gt; .deserialize() &gt; should throw an error when passed a buffer of the wrong size" time="0.001736073">
        </testcase>
        <testcase classname="test/LobbyMessage.test.ts" name="LobbyInfo &gt; .deserialize() &gt; should not throw an error when passed a buffer of the correct size" time="0.000775807">
        </testcase>
        <testcase classname="test/LobbyMessage.test.ts" name="LobbyInfo &gt; .deserialize() &gt; should set the correct values when passed a buffer of the correct size" time="0.000390789">
        </testcase>
    </testsuite>
    <testsuite name="test/OwnedVehiclesMessage.test.ts" timestamp="2024-12-15T11:33:40.724Z" hostname="strawberry" tests="2" failures="0" errors="0" skipped="0" time="0.003493256">
        <testcase classname="test/OwnedVehiclesMessage.test.ts" name="OwnedVehiclesMessage &gt; should serialize" time="0.001936632">
        </testcase>
        <testcase classname="test/OwnedVehiclesMessage.test.ts" name="OwnedVehicle &gt; should serialize" time="0.000364988">
        </testcase>
    </testsuite>
    <testsuite name="test/PartsAssemblyMessage.test.ts" timestamp="2024-12-15T11:33:40.724Z" hostname="strawberry" tests="2" failures="0" errors="0" skipped="0" time="0.004184563">
        <testcase classname="test/PartsAssemblyMessage.test.ts" name="PartsAssemblyMessage &gt; should serialize" time="0.002389521">
        </testcase>
        <testcase classname="test/PartsAssemblyMessage.test.ts" name="Part &gt; should serialize" time="0.000487698">
        </testcase>
    </testsuite>
    <testsuite name="test/PlayerInfoMessage.test.ts" timestamp="2024-12-15T11:33:40.725Z" hostname="strawberry" tests="1" failures="0" errors="0" skipped="0" time="0.007293962">
        <testcase classname="test/PlayerInfoMessage.test.ts" name="PlayerInfoMessage &gt; should serialize" time="0.005765197">
        </testcase>
    </testsuite>
    <testsuite name="test/PlayerRacingHistoryMessage.test.ts" timestamp="2024-12-15T11:33:40.725Z" hostname="strawberry" tests="1" failures="0" errors="0" skipped="0" time="0.007122282">
        <testcase classname="test/PlayerRacingHistoryMessage.test.ts" name="Create PlayerRacingHistoryMessage instance" time="0.00267641">
        </testcase>
    </testsuite>
    <testsuite name="test/TClientConnectMessage.test.ts" timestamp="2024-12-15T11:33:40.726Z" hostname="strawberry" tests="1" failures="0" errors="0" skipped="0" time="0.003437556">
        <testcase classname="test/TClientConnectMessage.test.ts" name="TClientConnectMessage &gt; .byteLength &gt; should have a value of 51" time="0.001914783">
        </testcase>
    </testsuite>
    <testsuite name="test/_getPlayerRaceHistory.test.ts" timestamp="2024-12-15T11:33:40.726Z" hostname="strawberry" tests="1" failures="0" errors="0" skipped="0" time="0.005219049">
        <testcase classname="test/_getPlayerRaceHistory.test.ts" name="_getPlayerRaceHistory &gt; should return a PlayerRacingHistoryMessage" time="0.003718396">
        </testcase>
    </testsuite>
    <testsuite name="test/clientConnect.test.ts" timestamp="2024-12-15T11:33:40.726Z" hostname="strawberry" tests="1" failures="0" errors="0" skipped="0" time="0.004566832">
        <testcase classname="test/clientConnect.test.ts" name="clientConnect &gt; throws when connection is not found" time="0.003588656">
        </testcase>
    </testsuite>
    <testsuite name="test/getLobbies.test.ts" timestamp="2024-12-15T11:33:40.727Z" hostname="strawberry" tests="1" failures="0" errors="0" skipped="0" time="0.006487155">
        <testcase classname="test/getLobbies.test.ts" name="getLobbies &gt; should return a promise" time="0.005196409">
        </testcase>
    </testsuite>
    <testsuite name="test/login.test.ts" timestamp="2024-12-15T11:33:40.727Z" hostname="strawberry" tests="1" failures="0" errors="0" skipped="0" time="0.009620813">
        <testcase classname="test/login.test.ts" name="login &gt; returns a message" time="0.008137729">
        </testcase>
    </testsuite>
    <testsuite name="test/trackingPing.test.ts" timestamp="2024-12-15T11:33:40.728Z" hostname="strawberry" tests="1" failures="0" errors="0" skipped="0" time="0.00522236">
        <testcase classname="test/trackingPing.test.ts" name="trackingPing &gt; does not return a message" time="0.003711736">
        </testcase>
    </testsuite>
</testsuites>
